<?xml version="1.0" encoding="UTF-8"?>
<testng-results skipped="0" failed="1" ignored="0" total="6" passed="5">
  <reporter-output>
  </reporter-output>
  <suite name="Default suite" duration-ms="106309" started-at="2020-05-22T08:49:14 GMT+03:00" finished-at="2020-05-22T08:51:00 GMT+03:00">
    <groups>
    </groups>
    <test name="Default test" duration-ms="106309" started-at="2020-05-22T08:49:14 GMT+03:00" finished-at="2020-05-22T08:51:00 GMT+03:00">
      <class name="tests.EbayUseCase">
        <test-method status="PASS" signature="reportSetup()[pri:0, instance:tests.EbayUseCase@63440df3]" name="reportSetup" is-config="true" duration-ms="128" started-at="2020-05-22T08:49:14 GMT+03:00" finished-at="2020-05-22T08:49:14 GMT+03:00">
          <reporter-output>
          </reporter-output>
        </test-method> <!-- reportSetup -->
        <test-method status="PASS" signature="initialization()[pri:0, instance:tests.EbayUseCase@63440df3]" name="initialization" is-config="true" duration-ms="31403" started-at="2020-05-22T08:49:14 GMT+03:00" finished-at="2020-05-22T08:49:45 GMT+03:00">
          <reporter-output>
          </reporter-output>
        </test-method> <!-- initialization -->
        <test-method status="PASS" signature="appLaunchValidation()[pri:1, instance:tests.EbayUseCase@63440df3]" name="appLaunchValidation" duration-ms="3385" started-at="2020-05-22T08:49:45 GMT+03:00" finished-at="2020-05-22T08:49:48 GMT+03:00">
          <reporter-output>
          </reporter-output>
        </test-method> <!-- appLaunchValidation -->
        <test-method status="PASS" signature="searchOptionValidation()[pri:2, instance:tests.EbayUseCase@63440df3]" name="searchOptionValidation" duration-ms="1780" started-at="2020-05-22T08:49:48 GMT+03:00" finished-at="2020-05-22T08:49:50 GMT+03:00">
          <reporter-output>
          </reporter-output>
        </test-method> <!-- searchOptionValidation -->
        <test-method status="PASS" signature="productSearch()[pri:3, instance:tests.EbayUseCase@63440df3]" name="productSearch" duration-ms="18741" started-at="2020-05-22T08:49:50 GMT+03:00" finished-at="2020-05-22T08:50:09 GMT+03:00">
          <reporter-output>
          </reporter-output>
        </test-method> <!-- productSearch -->
        <test-method status="PASS" signature="SelectRandom()[pri:4, instance:tests.EbayUseCase@63440df3]" name="SelectRandom" duration-ms="30755" started-at="2020-05-22T08:50:09 GMT+03:00" finished-at="2020-05-22T08:50:40 GMT+03:00">
          <reporter-output>
          </reporter-output>
        </test-method> <!-- SelectRandom -->
        <test-method status="PASS" signature="validateProduct()[pri:5, instance:tests.EbayUseCase@63440df3]" name="validateProduct" duration-ms="10453" started-at="2020-05-22T08:50:40 GMT+03:00" finished-at="2020-05-22T08:50:50 GMT+03:00">
          <reporter-output>
          </reporter-output>
        </test-method> <!-- validateProduct -->
        <test-method status="FAIL" signature="validateDeliveryoption()[pri:6, instance:tests.EbayUseCase@63440df3]" name="validateDeliveryoption" duration-ms="9425" started-at="2020-05-22T08:50:50 GMT+03:00" finished-at="2020-05-22T08:51:00 GMT+03:00">
          <exception class="java.lang.AssertionError">
            <message>
              <![CDATA[Seller cannot deliver the product to primary address]]>
            </message>
            <full-stacktrace>
              <![CDATA[java.lang.AssertionError: Seller cannot deliver the product to primary address
at org.testng.Assert.fail(Assert.java:97)
at com.eBay.pages.CheckoutPage.productDeliveryValidation(CheckoutPage.java:57)
at tests.EbayUseCase.validateDeliveryoption(EbayUseCase.java:115)
at sun.reflect.NativeMethodAccessorImpl.invoke0(Native Method)
at sun.reflect.NativeMethodAccessorImpl.invoke(NativeMethodAccessorImpl.java:62)
at sun.reflect.DelegatingMethodAccessorImpl.invoke(DelegatingMethodAccessorImpl.java:43)
at java.lang.reflect.Method.invoke(Method.java:498)
at org.testng.internal.MethodInvocationHelper.invokeMethod(MethodInvocationHelper.java:133)
at org.testng.internal.TestInvoker.invokeMethod(TestInvoker.java:584)
at org.testng.internal.TestInvoker.invokeTestMethod(TestInvoker.java:172)
at org.testng.internal.MethodRunner.runInSequence(MethodRunner.java:46)
at org.testng.internal.TestInvoker$MethodInvocationAgent.invoke(TestInvoker.java:804)
at org.testng.internal.TestInvoker.invokeTestMethods(TestInvoker.java:145)
at org.testng.internal.TestMethodWorker.invokeTestMethods(TestMethodWorker.java:146)
at org.testng.internal.TestMethodWorker.run(TestMethodWorker.java:128)
at java.util.ArrayList.forEach(ArrayList.java:1257)
at org.testng.TestRunner.privateRun(TestRunner.java:770)
at org.testng.TestRunner.run(TestRunner.java:591)
at org.testng.SuiteRunner.runTest(SuiteRunner.java:402)
at org.testng.SuiteRunner.runSequentially(SuiteRunner.java:396)
at org.testng.SuiteRunner.privateRun(SuiteRunner.java:355)
at org.testng.SuiteRunner.run(SuiteRunner.java:304)
at org.testng.SuiteRunnerWorker.runSuite(SuiteRunnerWorker.java:53)
at org.testng.SuiteRunnerWorker.run(SuiteRunnerWorker.java:96)
at org.testng.TestNG.runSuitesSequentially(TestNG.java:1180)
at org.testng.TestNG.runSuitesLocally(TestNG.java:1102)
at org.testng.TestNG.runSuites(TestNG.java:1032)
at org.testng.TestNG.run(TestNG.java:1000)
at org.testng.remote.AbstractRemoteTestNG.run(AbstractRemoteTestNG.java:115)
at org.testng.remote.RemoteTestNG.initAndRun(RemoteTestNG.java:251)
at org.testng.remote.RemoteTestNG.main(RemoteTestNG.java:77)
]]>
            </full-stacktrace>
          </exception> <!-- java.lang.AssertionError -->
          <reporter-output>
          </reporter-output>
        </test-method> <!-- validateDeliveryoption -->
        <test-method status="PASS" signature="appTearDown()[pri:0, instance:tests.EbayUseCase@63440df3]" name="appTearDown" is-config="true" duration-ms="310" started-at="2020-05-22T08:51:00 GMT+03:00" finished-at="2020-05-22T08:51:00 GMT+03:00">
          <reporter-output>
          </reporter-output>
        </test-method> <!-- appTearDown -->
        <test-method status="PASS" signature="teardownReport()[pri:0, instance:tests.EbayUseCase@63440df3]" name="teardownReport" is-config="true" duration-ms="383" started-at="2020-05-22T08:51:00 GMT+03:00" finished-at="2020-05-22T08:51:00 GMT+03:00">
          <reporter-output>
          </reporter-output>
        </test-method> <!-- teardownReport -->
      </class> <!-- tests.EbayUseCase -->
    </test> <!-- Default test -->
  </suite> <!-- Default suite -->
</testng-results>
